<?xml version="1.0" encoding="UTF-8"?>
<testng-results skipped="0" failed="0" ignored="0" total="1" passed="1">
  <reporter-output>
  </reporter-output>
  <suite name="Default suite" duration-ms="12062" started-at="2020-02-22T18:11:17 CST" finished-at="2020-02-22T18:11:29 CST">
    <groups>
    </groups>
    <test name="Default test" duration-ms="12062" started-at="2020-02-22T18:11:17 CST" finished-at="2020-02-22T18:11:29 CST">
      <class name="test.PostDiplayTest">
        <test-method status="PASS" signature="newPostShouldBeDisplayedOnTable()[pri:1, instance:test.PostDiplayTest@5427c60c]" name="newPostShouldBeDisplayedOnTable" duration-ms="12017" started-at="2020-02-22T18:11:17 CST" finished-at="2020-02-22T18:11:29 CST">
          <reporter-output>
          </reporter-output>
        </test-method> <!-- newPostShouldBeDisplayedOnTable -->
      </class> <!-- test.PostDiplayTest -->
    </test> <!-- Default test -->
  </suite> <!-- Default suite -->
</testng-results>
